1762018355: mosquitto version 2.0.22 starting
1762018355: Config loaded from /mosquitto/config/mosquitto.conf.
1762018355: Opening ipv4 listen socket on port 1883.
1762018355: Opening ipv6 listen socket on port 1883.
1762018355: mosquitto version 2.0.22 running
1762019218: mosquitto version 2.0.22 terminating
1762019218: Saving in-memory database to /mosquitto/data//mosquitto.db.
1762019222: mosquitto version 2.0.22 starting
1762019222: Config loaded from /mosquitto/config/mosquitto.conf.
1762019222: Opening ipv4 listen socket on port 1883.
1762019222: Opening ipv6 listen socket on port 1883.
1762019222: mosquitto version 2.0.22 running
1762019761: mosquitto version 2.0.22 terminating
1762019761: Saving in-memory database to /mosquitto/data//mosquitto.db.
1762019765: mosquitto version 2.0.22 starting
1762019765: Config loaded from /mosquitto/config/mosquitto.conf.
1762019765: Opening ipv4 listen socket on port 1883.
1762019765: Opening ipv6 listen socket on port 1883.
1762019765: mosquitto version 2.0.22 running
1762020005: mosquitto version 2.0.22 terminating
1762020005: Saving in-memory database to /mosquitto/data//mosquitto.db.
1762020008: mosquitto version 2.0.22 starting
1762020008: Config loaded from /mosquitto/config/mosquitto.conf.
1762020008: Opening ipv4 listen socket on port 1883.
1762020008: Opening ipv6 listen socket on port 1883.
1762020008: mosquitto version 2.0.22 running
1762020419: mosquitto version 2.0.22 terminating
1762020419: Saving in-memory database to /mosquitto/data//mosquitto.db.
1762020422: mosquitto version 2.0.22 starting
1762020422: Config loaded from /mosquitto/config/mosquitto.conf.
1762020422: Opening ipv4 listen socket on port 1883.
1762020422: Opening ipv6 listen socket on port 1883.
1762020422: mosquitto version 2.0.22 running
1762020744: mosquitto version 2.0.22 terminating
1762020744: Saving in-memory database to /mosquitto/data//mosquitto.db.
1762020774: mosquitto version 2.0.22 starting
1762020774: Config loaded from /mosquitto/config/mosquitto.conf.
1762020774: Opening ipv4 listen socket on port 1883.
1762020774: Opening ipv6 listen socket on port 1883.
1762020774: mosquitto version 2.0.22 running
1762022575: Saving in-memory database to /mosquitto/data//mosquitto.db.
1762024376: Saving in-memory database to /mosquitto/data//mosquitto.db.
1762026177: Saving in-memory database to /mosquitto/data//mosquitto.db.
1762027978: Saving in-memory database to /mosquitto/data//mosquitto.db.
1762029779: Saving in-memory database to /mosquitto/data//mosquitto.db.
1762031580: Saving in-memory database to /mosquitto/data//mosquitto.db.
1762033381: Saving in-memory database to /mosquitto/data//mosquitto.db.
1762035182: Saving in-memory database to /mosquitto/data//mosquitto.db.
1762036983: Saving in-memory database to /mosquitto/data//mosquitto.db.
1762038784: Saving in-memory database to /mosquitto/data//mosquitto.db.
1762040585: Saving in-memory database to /mosquitto/data//mosquitto.db.
1762042386: Saving in-memory database to /mosquitto/data//mosquitto.db.
1762044187: Saving in-memory database to /mosquitto/data//mosquitto.db.
1762045988: Saving in-memory database to /mosquitto/data//mosquitto.db.
1762047789: Saving in-memory database to /mosquitto/data//mosquitto.db.
1762049590: Saving in-memory database to /mosquitto/data//mosquitto.db.
1762051391: Saving in-memory database to /mosquitto/data//mosquitto.db.
1762053192: Saving in-memory database to /mosquitto/data//mosquitto.db.
1762054993: Saving in-memory database to /mosquitto/data//mosquitto.db.
1762056794: Saving in-memory database to /mosquitto/data//mosquitto.db.
1762058595: Saving in-memory database to /mosquitto/data//mosquitto.db.
1762060396: Saving in-memory database to /mosquitto/data//mosquitto.db.
1762062197: Saving in-memory database to /mosquitto/data//mosquitto.db.
1762063998: Saving in-memory database to /mosquitto/data//mosquitto.db.
1762065799: Saving in-memory database to /mosquitto/data//mosquitto.db.
1762067600: Saving in-memory database to /mosquitto/data//mosquitto.db.
1762069401: Saving in-memory database to /mosquitto/data//mosquitto.db.
1762071202: Saving in-memory database to /mosquitto/data//mosquitto.db.
1762073003: Saving in-memory database to /mosquitto/data//mosquitto.db.
1762074804: Saving in-memory database to /mosquitto/data//mosquitto.db.
1762076605: Saving in-memory database to /mosquitto/data//mosquitto.db.
1762078406: Saving in-memory database to /mosquitto/data//mosquitto.db.
1762080207: Saving in-memory database to /mosquitto/data//mosquitto.db.
1762082008: Saving in-memory database to /mosquitto/data//mosquitto.db.
1762083809: Saving in-memory database to /mosquitto/data//mosquitto.db.
1762085610: Saving in-memory database to /mosquitto/data//mosquitto.db.
1762087411: Saving in-memory database to /mosquitto/data//mosquitto.db.
1762089212: Saving in-memory database to /mosquitto/data//mosquitto.db.
1762091013: Saving in-memory database to /mosquitto/data//mosquitto.db.
1762092814: Saving in-memory database to /mosquitto/data//mosquitto.db.
1762094615: Saving in-memory database to /mosquitto/data//mosquitto.db.
1762096416: Saving in-memory database to /mosquitto/data//mosquitto.db.
1762098217: Saving in-memory database to /mosquitto/data//mosquitto.db.
1762100018: Saving in-memory database to /mosquitto/data//mosquitto.db.
1762101819: Saving in-memory database to /mosquitto/data//mosquitto.db.
1762103620: Saving in-memory database to /mosquitto/data//mosquitto.db.
1762105421: Saving in-memory database to /mosquitto/data//mosquitto.db.
1762105708: mosquitto version 2.0.22 terminating
1762105708: Saving in-memory database to /mosquitto/data//mosquitto.db.
